<?xml version="1.0" encoding="UTF-8"?>
<!-- Generated by org.testng.reporters.JUnitReportReporter -->
<testsuite hostname="user-PC" name="SAMPLE.AppTest" tests="1" failures="0" timestamp="10 Jul 2017 04:21:37 GMT" time="0.016" errors="0">
  <testcase name="a" time="0.016" classname="SAMPLE.AppTest"/>
</testsuite> <!-- SAMPLE.AppTest -->
