<?xml version="1.0" encoding="UTF-8"?>
<!-- Generated by org.testng.reporters.JUnitReportReporter -->
<testsuite hostname="user-PC" name="SAMPLE.TestA" tests="2" failures="0" timestamp="10 Jul 2017 04:21:37 GMT" time="0.015" errors="0">
  <testcase name="Login" time="0.015" classname="SAMPLE.TestA"/>
  <testcase name="Changepassword" time="0.000" classname="SAMPLE.TestA"/>
</testsuite> <!-- SAMPLE.TestA -->
